2025-08-19 21:51:28,418 [INFO] Activator:176 - 


2025-08-19 21:51:28,420 [INFO] Activator:177 - !SESSION log4j initialized
2025-08-19 21:51:31,243 [INFO] LogOutputStream:77 - [STDOUT_REDIRECT] 
2025-08-19 21:51:33,140 [INFO] ApplicationProperties:184 - Using Application install path: C:\ST\STM32CubeIDE_1.19.0\STM32CubeIDE\plugins\com.st.stm32cube.common.mx_6.15.0.202507011659
2025-08-19 21:51:33,155 [INFO] DbMcusXml:78 - Set database path to: C:\ST\STM32CubeIDE_1.19.0\STM32CubeIDE\plugins\com.st.stm32cube.common.mx_6.15.0.202507011659\\db\/mcu/
2025-08-19 21:51:33,156 [INFO] ApiDb:274 - Set plugin database path to: C:\ST\STM32CubeIDE_1.19.0\STM32CubeIDE\plugins\com.st.stm32cube.common.mx_6.15.0.202507011659\\db\/plugins/boardmanager/
2025-08-19 21:51:33,156 [WARN] ApiDb:259 - Overriding images path with different value:  => C:\ST\STM32CubeIDE_1.19.0\STM32CubeIDE\plugins\com.st.stm32cube.common.mx_6.15.0.202507011659\\db\/plugins/mcufinder/images/
2025-08-19 21:51:33,161 [INFO] ApiDb:250 - Set database path to: C:\Users\dbald\.stmcufinder\plugins\mcufinder//mcu/
2025-08-19 21:51:33,162 [INFO] DbMcusAds:125 - Set database path to: C:\Users\dbald\.stmcufinder\plugins\mcufinder//mcu/
2025-08-19 21:51:33,164 [INFO] CrossReferenceDbSqlite:203 - Set database path to: C:\Users\dbald\.stmcufinder\plugins\mcufinder//mcu/cs/
2025-08-19 21:51:33,287 [INFO] RulesReader:64 - Compatibility file has been processed (317 Rules)
2025-08-19 21:51:33,377 [INFO] DbMcusXml:78 - Set database path to: C:\ST\STM32CubeIDE_1.19.0\STM32CubeIDE\plugins\com.st.stm32cube.common.mx_6.15.0.202507011659\\db\/mcu/
2025-08-19 21:51:33,378 [INFO] ApiDb:274 - Set plugin database path to: C:\ST\STM32CubeIDE_1.19.0\STM32CubeIDE\plugins\com.st.stm32cube.common.mx_6.15.0.202507011659\\db\/plugins/boardmanager/
2025-08-19 21:51:33,378 [INFO] ApiDb:261 - Set plugin images path to: C:\ST\STM32CubeIDE_1.19.0\STM32CubeIDE\plugins\com.st.stm32cube.common.mx_6.15.0.202507011659\\db\/plugins/mcufinder/images/
2025-08-19 21:51:33,378 [WARN] DbFile:41 - Overriding database path with different value: C:\Users\dbald\.stmcufinder\plugins\mcufinder/ => C:\Users\dbald\.stmcufinder\plugins\mcufinder
2025-08-19 21:51:33,379 [INFO] ApiDb:250 - Set database path to: C:\Users\dbald\.stmcufinder\plugins\mcufinder//mcu/
2025-08-19 21:51:33,379 [WARN] DbFile:41 - Overriding database path with different value: C:\Users\dbald\.stmcufinder\plugins\mcufinder/ => C:\Users\dbald\.stmcufinder\plugins\mcufinder
2025-08-19 21:51:33,379 [INFO] DbMcusAds:125 - Set database path to: C:\Users\dbald\.stmcufinder\plugins\mcufinder//mcu/
2025-08-19 21:51:33,379 [WARN] DbFile:41 - Overriding database path with different value: C:\Users\dbald\.stmcufinder\plugins\mcufinder/ => C:\Users\dbald\.stmcufinder\plugins\mcufinder
2025-08-19 21:51:33,379 [WARN] DbFile:41 - Overriding database path with different value: C:\Users\dbald\.stmcufinder\plugins\mcufinder/ => C:\Users\dbald\.stmcufinder\plugins\mcufinder
2025-08-19 21:51:33,380 [INFO] CrossReferenceDbSqlite:203 - Set database path to: C:\Users\dbald\.stmcufinder\plugins\mcufinder//mcu/cs/
2025-08-19 21:51:33,468 [INFO] MainPanel:274 - HeapMemory: 268435456
2025-08-19 21:51:33,604 [INFO] DbMcusXml:78 - Set database path to: C:\ST\STM32CubeIDE_1.19.0\STM32CubeIDE\plugins\com.st.stm32cube.common.mx_6.15.0.202507011659\\db\/mcu/
2025-08-19 21:51:33,604 [INFO] ApiDb:274 - Set plugin database path to: C:\ST\STM32CubeIDE_1.19.0\STM32CubeIDE\plugins\com.st.stm32cube.common.mx_6.15.0.202507011659\\db\/plugins/boardmanager/
2025-08-19 21:51:33,604 [INFO] ApiDb:261 - Set plugin images path to: C:\ST\STM32CubeIDE_1.19.0\STM32CubeIDE\plugins\com.st.stm32cube.common.mx_6.15.0.202507011659\\db\/plugins/mcufinder/images/
2025-08-19 21:51:33,605 [WARN] DbFile:41 - Overriding database path with different value: C:\Users\dbald\.stmcufinder\plugins\mcufinder/ => C:\Users\dbald\.stmcufinder\plugins\mcufinder
2025-08-19 21:51:33,605 [INFO] ApiDb:250 - Set database path to: C:\Users\dbald\.stmcufinder\plugins\mcufinder//mcu/
2025-08-19 21:51:33,605 [WARN] DbFile:41 - Overriding database path with different value: C:\Users\dbald\.stmcufinder\plugins\mcufinder/ => C:\Users\dbald\.stmcufinder\plugins\mcufinder
2025-08-19 21:51:33,606 [INFO] DbMcusAds:125 - Set database path to: C:\Users\dbald\.stmcufinder\plugins\mcufinder//mcu/
2025-08-19 21:51:33,606 [WARN] DbFile:41 - Overriding database path with different value: C:\Users\dbald\.stmcufinder\plugins\mcufinder/ => C:\Users\dbald\.stmcufinder\plugins\mcufinder
2025-08-19 21:51:33,606 [WARN] DbFile:41 - Overriding database path with different value: C:\Users\dbald\.stmcufinder\plugins\mcufinder/ => C:\Users\dbald\.stmcufinder\plugins\mcufinder
2025-08-19 21:51:33,606 [INFO] CrossReferenceDbSqlite:203 - Set database path to: C:\Users\dbald\.stmcufinder\plugins\mcufinder//mcu/cs/
2025-08-19 21:51:33,640 [INFO] ApplicationProperties:184 - Using Application install path: C:\ST\STM32CubeIDE_1.19.0\STM32CubeIDE\plugins\com.st.stm32cube.common.mx_6.15.0.202507011659
2025-08-19 21:51:33,642 [INFO] PluginManage:196 - Search for loadable plugins [exclusion list=, ]
2025-08-19 21:51:33,644 [INFO] PluginManage:310 - Check plugin analytics
2025-08-19 21:51:33,842 [INFO] AnalyticsPlugin:253 - Accepted Software Licenses: 
2025-08-19 21:51:33,842 [INFO] AnalyticsPlugin:255 - Accepted CMSIS Pack Licenses: 
2025-08-19 21:51:33,842 [INFO] AnalyticsPlugin:257 - Accepted Firmware Licenses: FW.F4.1.28.0,FW.G4.1.6.0
2025-08-19 21:51:33,845 [INFO] PluginManage:359 - Loaded plugin analytics (category:tool,tabindex:-1)
2025-08-19 21:51:33,846 [INFO] PluginManage:310 - Check plugin cadmodel
2025-08-19 21:51:33,850 [INFO] CADModel:105 - Init CAD model plugin
2025-08-19 21:51:33,850 [INFO] PluginManage:359 - Loaded plugin cadmodel (category:power,tabindex:5)
2025-08-19 21:51:33,851 [INFO] PluginManage:310 - Check plugin clock
2025-08-19 21:51:33,860 [INFO] PluginManage:359 - Loaded plugin clock (category:base,tabindex:2)
2025-08-19 21:51:33,861 [INFO] PluginManage:310 - Check plugin ddr
2025-08-19 21:51:33,863 [INFO] PluginManage:359 - Loaded plugin ddr (category:tool,tabindex:6)
2025-08-19 21:51:33,863 [INFO] PluginManage:310 - Check plugin filemanager
2025-08-19 21:51:34,066 [INFO] PluginManage:359 - Loaded plugin filemanager (category:base,tabindex:10)
2025-08-19 21:51:34,067 [INFO] PluginManage:310 - Check plugin ipmanager
2025-08-19 21:51:34,076 [INFO] PluginManage:359 - Loaded plugin ipmanager (category:base,tabindex:5)
2025-08-19 21:51:34,076 [INFO] PluginManage:310 - Check plugin lpbam
2025-08-19 21:51:34,086 [INFO] PluginManage:359 - Loaded plugin lpbam (category:base,tabindex:0)
2025-08-19 21:51:34,086 [INFO] PluginManage:310 - Check plugin memorymap
2025-08-19 21:51:34,103 [INFO] PluginManage:359 - Loaded plugin memorymap (category:base,tabindex:4)
2025-08-19 21:51:34,104 [INFO] PluginManage:310 - Check plugin pinoutandconfiguration
2025-08-19 21:51:34,115 [INFO] PluginManage:359 - Loaded plugin pinoutandconfiguration (category:base,tabindex:1)
2025-08-19 21:51:34,116 [INFO] PluginManage:310 - Check plugin pinoutconfig
2025-08-19 21:51:34,221 [WARN] SupportedApi:132 - Cannot load RTOS API schema: s4s-elt-must-match.1: The content of 'definitions' must match (annotation?, (simpleType | complexType)?, (unique | key | keyref)*)). A problem was found starting at: attribute.
2025-08-19 21:51:34,342 [INFO] PluginManage:359 - Loaded plugin pinoutconfig (category:base,tabindex:0)
2025-08-19 21:51:34,342 [INFO] PluginManage:310 - Check plugin power
2025-08-19 21:51:34,349 [INFO] PluginManage:359 - Loaded plugin power (category:power,tabindex:4)
2025-08-19 21:51:34,350 [INFO] PluginManage:310 - Check plugin projectmanager
2025-08-19 21:51:34,373 [INFO] PluginManage:359 - Loaded plugin projectmanager (category:projectmanager,tabindex:4)
2025-08-19 21:51:34,373 [INFO] PluginManage:310 - Check plugin rif
2025-08-19 21:51:34,384 [INFO] PluginManage:359 - Loaded plugin rif (category:base,tabindex:3)
2025-08-19 21:51:34,384 [INFO] PluginManage:310 - Check plugin thirdparty
2025-08-19 21:51:34,530 [INFO] PluginManage:359 - Loaded plugin thirdparty (category:base,tabindex:-1)
2025-08-19 21:51:34,530 [WARN] IntegrityCheckThread:84 - waiting for thirdparty lock release [integrity check]
2025-08-19 21:51:34,530 [INFO] PluginManage:310 - Check plugin tools
2025-08-19 21:51:34,530 [INFO] IntegrityCheckThread:86 - entering critical section [integrity check]
2025-08-19 21:51:34,530 [INFO] ThirdPartyUpdaterWithRetryManager:70 - Updater plugin not ready yet. [1/15]
2025-08-19 21:51:34,532 [INFO] PluginManage:359 - Loaded plugin tools (category:base,tabindex:7)
2025-08-19 21:51:34,532 [INFO] PluginManage:310 - Check plugin tutovideos
2025-08-19 21:51:34,728 [INFO] PluginManage:359 - Loaded plugin tutovideos (category:base,tabindex:-1)
2025-08-19 21:51:34,728 [INFO] PluginManage:310 - Check plugin updater
2025-08-19 21:51:34,759 [INFO] PluginManage:359 - Loaded plugin updater (category:base,tabindex:12)
2025-08-19 21:51:34,759 [INFO] PluginManage:310 - Check plugin userauth
2025-08-19 21:51:34,765 [INFO] UserAuth:118 - Init User Auth plugin
2025-08-19 21:51:34,766 [INFO] PluginManage:359 - Loaded plugin userauth (category:base,tabindex:14)
2025-08-19 21:51:34,767 [INFO] PluginManage:283 - PluginManage : Loaded plugins [18]
2025-08-19 21:51:35,030 [INFO] PinOutPanel:1589 - setPackage(No Configuration,No Configuration)
2025-08-19 21:51:35,121 [INFO] CADModel:165 - CPN selected for project level
2025-08-19 21:51:35,121 [INFO] CADModel:114 - Register for checkConnection events
2025-08-19 21:51:35,139 [INFO] IPUIPlugin:80 - create IPUIPlugin
2025-08-19 21:51:35,139 [INFO] PluginManager:220 - loadIPPluginJar : add adc
2025-08-19 21:51:35,142 [INFO] IPUIPlugin:80 - create IPUIPlugin
2025-08-19 21:51:35,142 [INFO] PluginManager:220 - loadIPPluginJar : add aes
2025-08-19 21:51:35,144 [INFO] IPUIPlugin:80 - create IPUIPlugin
2025-08-19 21:51:35,145 [INFO] PluginManager:220 - loadIPPluginJar : add can
2025-08-19 21:51:35,147 [INFO] IPUIPlugin:80 - create IPUIPlugin
2025-08-19 21:51:35,147 [INFO] PluginManager:220 - loadIPPluginJar : add comp
2025-08-19 21:51:35,148 [INFO] IPUIPlugin:80 - create IPUIPlugin
2025-08-19 21:51:35,149 [INFO] PluginManager:220 - loadIPPluginJar : add cryp
2025-08-19 21:51:35,151 [INFO] IPUIPlugin:80 - create IPUIPlugin
2025-08-19 21:51:35,151 [INFO] PluginManager:220 - loadIPPluginJar : add ddr_ctrl_phy
2025-08-19 21:51:35,153 [INFO] IPUIPlugin:80 - create IPUIPlugin
2025-08-19 21:51:35,154 [INFO] PluginManager:220 - loadIPPluginJar : add dfsdm
2025-08-19 21:51:35,160 [INFO] IPUIPlugin:80 - create IPUIPlugin
2025-08-19 21:51:35,160 [INFO] PluginManager:220 - loadIPPluginJar : add dma
2025-08-19 21:51:35,163 [INFO] IPUIPlugin:80 - create IPUIPlugin
2025-08-19 21:51:35,163 [INFO] PluginManager:220 - loadIPPluginJar : add dma3
2025-08-19 21:51:35,166 [INFO] IPUIPlugin:80 - create IPUIPlugin
2025-08-19 21:51:35,166 [INFO] PluginManager:220 - loadIPPluginJar : add extmemmanager
2025-08-19 21:51:35,168 [INFO] IPUIPlugin:80 - create IPUIPlugin
2025-08-19 21:51:35,168 [INFO] PluginManager:220 - loadIPPluginJar : add fatfs
2025-08-19 21:51:35,174 [INFO] IPUIPlugin:80 - create IPUIPlugin
2025-08-19 21:51:35,174 [INFO] PluginManager:220 - loadIPPluginJar : add fmc
2025-08-19 21:51:35,187 [INFO] IPUIPlugin:80 - create IPUIPlugin
2025-08-19 21:51:35,188 [INFO] PluginManager:220 - loadIPPluginJar : add freertos
2025-08-19 21:51:35,191 [INFO] IPUIPlugin:80 - create IPUIPlugin
2025-08-19 21:51:35,191 [INFO] PluginManager:220 - loadIPPluginJar : add genericplugin
2025-08-19 21:51:35,194 [INFO] IPUIPlugin:80 - create IPUIPlugin
2025-08-19 21:51:35,194 [INFO] PluginManager:220 - loadIPPluginJar : add gfxmmu
2025-08-19 21:51:35,199 [INFO] IPUIPlugin:80 - create IPUIPlugin
2025-08-19 21:51:35,200 [INFO] PluginManager:220 - loadIPPluginJar : add gic
2025-08-19 21:51:35,203 [INFO] IPUIPlugin:80 - create IPUIPlugin
2025-08-19 21:51:35,203 [INFO] PluginManager:220 - loadIPPluginJar : add gpio
2025-08-19 21:51:35,206 [INFO] IPUIPlugin:80 - create IPUIPlugin
2025-08-19 21:51:35,206 [INFO] PluginManager:220 - loadIPPluginJar : add gtzc
2025-08-19 21:51:35,209 [INFO] IPUIPlugin:80 - create IPUIPlugin
2025-08-19 21:51:35,209 [INFO] PluginManager:220 - loadIPPluginJar : add hash
2025-08-19 21:51:35,212 [INFO] IPUIPlugin:80 - create IPUIPlugin
2025-08-19 21:51:35,213 [INFO] PluginManager:220 - loadIPPluginJar : add i2c
2025-08-19 21:51:35,216 [INFO] IPUIPlugin:80 - create IPUIPlugin
2025-08-19 21:51:35,216 [INFO] PluginManager:220 - loadIPPluginJar : add i2s
2025-08-19 21:51:35,219 [INFO] IPUIPlugin:80 - create IPUIPlugin
2025-08-19 21:51:35,219 [INFO] PluginManager:220 - loadIPPluginJar : add i3c
2025-08-19 21:51:35,221 [INFO] IPUIPlugin:80 - create IPUIPlugin
2025-08-19 21:51:35,222 [INFO] PluginManager:220 - loadIPPluginJar : add ipddr
2025-08-19 21:51:35,228 [INFO] IPUIPlugin:80 - create IPUIPlugin
2025-08-19 21:51:35,229 [INFO] PluginManager:220 - loadIPPluginJar : add linkedlist
2025-08-19 21:51:35,233 [INFO] IPUIPlugin:80 - create IPUIPlugin
2025-08-19 21:51:35,233 [INFO] PluginManager:220 - loadIPPluginJar : add lorawan
2025-08-19 21:51:35,234 [INFO] IPUIPlugin:80 - create IPUIPlugin
2025-08-19 21:51:35,234 [INFO] PluginManager:220 - loadIPPluginJar : add ltdc
2025-08-19 21:51:35,239 [INFO] IPUIPlugin:80 - create IPUIPlugin
2025-08-19 21:51:35,240 [INFO] PluginManager:220 - loadIPPluginJar : add mdma
2025-08-19 21:51:35,243 [INFO] IPUIPlugin:80 - create IPUIPlugin
2025-08-19 21:51:35,244 [INFO] PluginManager:220 - loadIPPluginJar : add nvic
2025-08-19 21:51:35,250 [INFO] IPUIPlugin:80 - create IPUIPlugin
2025-08-19 21:51:35,250 [INFO] PluginManager:220 - loadIPPluginJar : add opamp
2025-08-19 21:51:35,253 [INFO] IPUIPlugin:80 - create IPUIPlugin
2025-08-19 21:51:35,253 [INFO] PluginManager:220 - loadIPPluginJar : add openamp
2025-08-19 21:51:35,258 [INFO] IPUIPlugin:80 - create IPUIPlugin
2025-08-19 21:51:35,259 [INFO] PluginManager:220 - loadIPPluginJar : add pdm2pcm
2025-08-19 21:51:35,267 [INFO] IPUIPlugin:80 - create IPUIPlugin
2025-08-19 21:51:35,269 [INFO] PluginManager:220 - loadIPPluginJar : add plateformsettings
2025-08-19 21:51:35,271 [INFO] IPUIPlugin:80 - create IPUIPlugin
2025-08-19 21:51:35,271 [INFO] PluginManager:220 - loadIPPluginJar : add quadspi
2025-08-19 21:51:35,273 [INFO] IPUIPlugin:80 - create IPUIPlugin
2025-08-19 21:51:35,273 [INFO] PluginManager:220 - loadIPPluginJar : add radio
2025-08-19 21:51:35,276 [INFO] IPUIPlugin:80 - create IPUIPlugin
2025-08-19 21:51:35,276 [INFO] PluginManager:220 - loadIPPluginJar : add resmgrutility
2025-08-19 21:51:35,278 [INFO] IPUIPlugin:80 - create IPUIPlugin
2025-08-19 21:51:35,278 [INFO] PluginManager:220 - loadIPPluginJar : add sai
2025-08-19 21:51:35,281 [INFO] IPUIPlugin:80 - create IPUIPlugin
2025-08-19 21:51:35,281 [INFO] PluginManager:220 - loadIPPluginJar : add spi
2025-08-19 21:51:35,286 [INFO] IPUIPlugin:80 - create IPUIPlugin
2025-08-19 21:51:35,286 [INFO] PluginManager:220 - loadIPPluginJar : add stm32_wpan
2025-08-19 21:51:35,287 [INFO] IPUIPlugin:80 - create IPUIPlugin
2025-08-19 21:51:35,288 [INFO] PluginManager:220 - loadIPPluginJar : add tim
2025-08-19 21:51:35,290 [INFO] IPUIPlugin:80 - create IPUIPlugin
2025-08-19 21:51:35,290 [INFO] PluginManager:220 - loadIPPluginJar : add touchsensing
2025-08-19 21:51:35,291 [INFO] IPUIPlugin:80 - create IPUIPlugin
2025-08-19 21:51:35,291 [INFO] PluginManager:220 - loadIPPluginJar : add tracer_emb
2025-08-19 21:51:35,292 [INFO] IPUIPlugin:80 - create IPUIPlugin
2025-08-19 21:51:35,292 [INFO] PluginManager:220 - loadIPPluginJar : add ts
2025-08-19 21:51:35,293 [INFO] IPUIPlugin:80 - create IPUIPlugin
2025-08-19 21:51:35,293 [INFO] PluginManager:220 - loadIPPluginJar : add tsc
2025-08-19 21:51:35,295 [INFO] IPUIPlugin:80 - create IPUIPlugin
2025-08-19 21:51:35,295 [INFO] PluginManager:220 - loadIPPluginJar : add ucpd
2025-08-19 21:51:35,298 [INFO] IPUIPlugin:80 - create IPUIPlugin
2025-08-19 21:51:35,298 [INFO] PluginManager:220 - loadIPPluginJar : add usart
2025-08-19 21:51:35,300 [INFO] IPUIPlugin:80 - create IPUIPlugin
2025-08-19 21:51:35,300 [INFO] PluginManager:220 - loadIPPluginJar : add usbx
2025-08-19 21:51:35,430 [FATAL] Updater:351 - Updater called before beeing initialized
2025-08-19 21:51:35,484 [INFO] RulesReader:64 - Compatibility file has been processed (317 Rules)
2025-08-19 21:51:35,498 [INFO] RulesReader:64 - Compatibility file has been processed (317 Rules)
2025-08-19 21:51:35,509 [INFO] CADModel:165 - CPN selected for project level
2025-08-19 21:51:35,509 [INFO] CADModel:114 - Register for checkConnection events
2025-08-19 21:51:35,509 [FATAL] Updater:351 - Updater called before beeing initialized
2025-08-19 21:51:35,509 [ERROR] CADModel:125 - Updater not yet initialized, retry later 
2025-08-19 21:51:35,661 [FATAL] Updater:351 - Updater called before beeing initialized
2025-08-19 21:51:35,664 [INFO] CADModel:165 - CPN selected for project level
2025-08-19 21:51:35,664 [INFO] CADModel:114 - Register for checkConnection events
2025-08-19 21:51:35,665 [FATAL] Updater:351 - Updater called before beeing initialized
2025-08-19 21:51:35,665 [ERROR] CADModel:125 - Updater not yet initialized, retry later 
2025-08-19 21:51:35,668 [FATAL] Updater:351 - Updater called before beeing initialized
2025-08-19 21:51:35,794 [FATAL] Updater:351 - Updater called before beeing initialized
2025-08-19 21:51:35,799 [INFO] DbMcusAds:53 - JSON generation date=Tue Jul 08 01:14:23 PDT 2025 (1751962463582)
2025-08-19 21:51:35,799 [FATAL] Updater:351 - Updater called before beeing initialized
2025-08-19 21:51:35,838 [WARN] DetailPanel:346 - Failed to get advertising image, set to default
2025-08-19 21:51:35,927 [FATAL] Updater:351 - Updater called before beeing initialized
2025-08-19 21:51:35,930 [FATAL] Updater:351 - Updater called before beeing initialized
2025-08-19 21:51:35,930 [FATAL] Updater:351 - Updater called before beeing initialized
2025-08-19 21:51:35,930 [WARN] DetailPanel:346 - Failed to get advertising image, set to default
2025-08-19 21:51:35,931 [FATAL] Updater:351 - Updater called before beeing initialized
2025-08-19 21:51:35,975 [ERROR] Updater:1198 - MainUpdater not yet initialized. External WinMGr cannot be set.
2025-08-19 21:51:35,977 [INFO] Updater:1134 - Updater Version found : 6.15.0
2025-08-19 21:51:35,997 [INFO] ApplicationProperties:184 - Using Application install path: C:\ST\STM32CubeIDE_1.19.0\STM32CubeIDE\plugins\com.st.stm32cube.common.mx_6.15.0.202507011659
2025-08-19 21:51:36,331 [INFO] MainUpdater:2872 - connection check result : 10
2025-08-19 21:51:36,332 [INFO] MainUpdater:289 - Updater Check For Update Now.
2025-08-19 21:51:36,333 [INFO] MicroXplorer:498 - Change Database Version : DB.6.0.150
2025-08-19 21:51:36,341 [INFO] McuFinderGlobals:63 - Set McuFinder mode to 2 (CubeIDE integrated)
2025-08-19 21:51:36,342 [INFO] UserAuth:487 - Internet connection configuration mode: 1
2025-08-19 21:51:36,365 [INFO] JxBrowserEngine:152 - Initiate JxBrowser Engine with user profile folder
2025-08-19 21:51:36,540 [INFO] CheckServerUpdateThread:120 - End of CheckServer Thread
2025-08-19 21:51:37,088 [INFO] WebApp:169 - Instantiating new browser for Auth
2025-08-19 21:51:37,806 [WARN] PackLoader:240 - Cannot read IP mode file for STMicroelectronics.FP-SNS-MOTENVWB1.1.4.0
2025-08-19 21:51:37,824 [WARN] PackLoader:240 - Cannot read IP mode file for STMicroelectronics.FP-ATR-ASTRA1.2.0.2
2025-08-19 21:51:37,835 [WARN] PackLoader:240 - Cannot read IP mode file for STMicroelectronics.X-CUBE-SMBUS.2.1.0
2025-08-19 21:51:37,843 [WARN] PackLoader:240 - Cannot read IP mode file for STMicroelectronics.X-CUBE-ST60.1.0.0
2025-08-19 21:51:37,853 [WARN] PackLoader:240 - Cannot read IP mode file for STMicroelectronics.X-CUBE-TOUCHGFX.4.23.1
2025-08-19 21:51:37,857 [WARN] PackLoader:240 - Cannot read IP mode file for STMicroelectronics.X-CUBE-TOUCHGFX.4.23.0
2025-08-19 21:51:37,862 [WARN] PackLoader:240 - Cannot read IP mode file for STMicroelectronics.X-CUBE-TOUCHGFX.4.23.2
2025-08-19 21:51:37,883 [INFO] WebApp:463 - Apply proxy settings
2025-08-19 21:51:37,885 [INFO] WebApp:548 - Chromium requires no authentication
2025-08-19 21:51:37,897 [INFO] WebApp:491 - Direct internet connection detected
2025-08-19 21:51:37,907 [WARN] PackLoader:240 - Cannot read IP mode file for STMicroelectronics.X-CUBE-AZRTOS-F7.1.1.0
2025-08-19 21:51:37,928 [WARN] PackLoader:240 - Cannot read IP mode file for STMicroelectronics.FP-SNS-MOTENV1.4.3.2
2025-08-19 21:51:37,936 [INFO] WebApp:900 - Register for checkConnection events
2025-08-19 21:51:37,936 [INFO] WebApp:463 - Apply proxy settings
2025-08-19 21:51:37,937 [INFO] WebApp:548 - Chromium requires no authentication
2025-08-19 21:51:37,937 [WARN] PackLoader:240 - Cannot read IP mode file for STMicroelectronics.FP-SNS-FLIGHT1.5.0.2
2025-08-19 21:51:37,938 [INFO] WebApp:491 - Direct internet connection detected
2025-08-19 21:51:37,969 [WARN] PackLoader:240 - Cannot read IP mode file for STMicroelectronics.X-CUBE-AZRTOS-H7.3.4.0
2025-08-19 21:51:37,986 [WARN] PackLoader:240 - Cannot read IP mode file for STMicroelectronics.X-CUBE-DISPLAY.3.0.0
2025-08-19 21:51:38,001 [WARN] PackLoader:240 - Cannot read IP mode file for STMicroelectronics.X-CUBE-BLE1.7.0.0
2025-08-19 21:51:38,009 [WARN] PackLoader:240 - Cannot read IP mode file for STMicroelectronics.X-CUBE-NFC10.1.0.0
2025-08-19 21:51:38,025 [WARN] PackLoader:240 - Cannot read IP mode file for STMicroelectronics.X-CUBE-BLEMGR.4.0.0
2025-08-19 21:51:38,037 [WARN] PackLoader:240 - Cannot read IP mode file for emotas.I-CUBE-CANOPEN.1.3.0
2025-08-19 21:51:38,041 [WARN] PackLoader:240 - Cannot read IP mode file for STMicroelectronics.X-CUBE-TOUCHGFX.4.22.1
2025-08-19 21:51:38,046 [WARN] ConditionMgr:438 - getConditionDescription Invalid condition id : Cortex-A Device cause : null
2025-08-19 21:51:38,063 [WARN] ConditionMgr:1044 - genDependencies : Invalid condition id : Cortex-A Device cause : null
2025-08-19 21:51:38,063 [WARN] ConditionMgr:1044 - genDependencies : Invalid condition id : Cortex-A Device cause : null
2025-08-19 21:51:38,063 [WARN] ConditionMgr:1044 - genDependencies : Invalid condition id : Cortex-A Device cause : null
2025-08-19 21:51:38,073 [WARN] PackLoader:240 - Cannot read IP mode file for STMicroelectronics.X-CUBE-BLEMGR.3.1.0
2025-08-19 21:51:38,084 [WARN] PackLoader:240 - Cannot read IP mode file for STMicroelectronics.FP-SNS-STBOX1.2.1.0
2025-08-19 21:51:38,092 [WARN] PackLoader:240 - Cannot read IP mode file for STMicroelectronics.FP-SNS-SMARTAG2.1.2.0
2025-08-19 21:51:38,098 [WARN] PackLoader:240 - Cannot read IP mode file for STMicroelectronics.FP-SNS-FLIGHT1.5.1.0
2025-08-19 21:51:38,126 [INFO] LogOutputStream:77 - [STDOUT_REDIRECT] 1 : Invalid condition id : UX_CORESTACK_Condition cause : null
2025-08-19 21:51:38,128 [INFO] LogOutputStream:77 - [STDOUT_REDIRECT] 1 : Invalid condition id : UX_CORESTACK_Condition cause : null
2025-08-19 21:51:38,130 [INFO] LogOutputStream:77 - [STDOUT_REDIRECT] 1 : Invalid condition id : UX_CORESTACK_Condition cause : null
2025-08-19 21:51:38,131 [INFO] LogOutputStream:77 - [STDOUT_REDIRECT] 1 : Invalid condition id : UX_CORESTACK_Condition cause : null
2025-08-19 21:51:38,132 [INFO] LogOutputStream:77 - [STDOUT_REDIRECT] 1 : Invalid condition id : UX_CORESTACK_Condition cause : null
2025-08-19 21:51:38,136 [WARN] PackLoader:240 - Cannot read IP mode file for STMicroelectronics.X-CUBE-AZRTOS-WL.2.0.0
2025-08-19 21:51:38,142 [WARN] PackLoader:240 - Cannot read IP mode file for STMicroelectronics.FP-SNS-MOTENV1.5.0.0
2025-08-19 21:51:38,155 [WARN] PackLoader:240 - Cannot read IP mode file for WES.I-CUBE-Cesium.1.3.0
2025-08-19 21:51:38,164 [WARN] PackLoader:240 - Cannot read IP mode file for STMicroelectronics.X-CUBE-BLE2.3.3.0
2025-08-19 21:51:38,172 [WARN] PackLoader:240 - Cannot read IP mode file for STMicroelectronics.X-CUBE-NFC9.1.0.0
2025-08-19 21:51:38,183 [WARN] PackLoader:240 - Cannot read IP mode file for STMicroelectronics.X-CUBE-BLE1.7.1.0
2025-08-19 21:51:38,189 [WARN] PackLoader:240 - Cannot read IP mode file for wolfSSL.I-CUBE-wolfMQTT.1.19.2
2025-08-19 21:51:38,198 [WARN] PackLoader:240 - Cannot read IP mode file for STMicroelectronics.X-CUBE-TCPP.4.1.0
2025-08-19 21:51:38,207 [WARN] PackLoader:240 - Cannot read IP mode file for STMicroelectronics.X-CUBE-EEPRMA1.5.2.0
2025-08-19 21:51:38,216 [WARN] PackLoader:240 - Cannot read IP mode file for STMicroelectronics.X-CUBE-AI.10.1.0
2025-08-19 21:51:38,220 [INFO] WebApp:225 - Starting web application
2025-08-19 21:51:38,220 [INFO] WebApp:593 - Web application path used C:\ST\STM32CubeIDE_1.19.0\STM32CubeIDE\plugins\com.st.stm32cube.common.mx_6.15.0.202507011659\db\plugins\mcufinder\reactClient1\index.html
2025-08-19 21:51:38,224 [WARN] PackLoader:240 - Cannot read IP mode file for STMicroelectronics.X-CUBE-ALGOBUILD.1.3.0
2025-08-19 21:51:38,247 [WARN] PackLoader:240 - Cannot read IP mode file for STMicroelectronics.X-CUBE-AZRTOS-G0.1.1.0
2025-08-19 21:51:38,259 [WARN] PackLoader:240 - Cannot read IP mode file for STMicroelectronics.X-CUBE-SAFEA1.1.2.2
2025-08-19 21:51:38,267 [WARN] PackLoader:240 - Cannot read IP mode file for STMicroelectronics.X-CUBE-NFC4.3.0.0
2025-08-19 21:51:38,279 [WARN] PackLoader:240 - Cannot read IP mode file for EmbeddedOffice.I-CUBE-FS-RTOS.1.0.1
2025-08-19 21:51:38,286 [WARN] PackLoader:240 - Cannot read IP mode file for STMicroelectronics.X-CUBE-WB05N.2.0.0
2025-08-19 21:51:38,297 [WARN] PackLoader:240 - Cannot read IP mode file for STMicroelectronics.X-CUBE-BLEMGR.3.0.0
2025-08-19 21:51:38,306 [WARN] PackLoader:240 - Cannot read IP mode file for wolfSSL.I-CUBE-wolfTPM.3.8.0
2025-08-19 21:51:38,314 [WARN] PackLoader:240 - Cannot read IP mode file for STMicroelectronics.X-CUBE-TCPP.4.2.0
2025-08-19 21:51:38,324 [WARN] PackLoader:240 - Cannot read IP mode file for RealThread.X-CUBE-RT-Thread_Nano.4.1.1
2025-08-19 21:51:38,328 [WARN] PackLoader:240 - Cannot read IP mode file for STMicroelectronics.FP-ATR-SIGFOX1.3.2.0
2025-08-19 21:51:38,339 [WARN] PackLoader:240 - Cannot read IP mode file for STMicroelectronics.X-CUBE-EEPRMA1.5.1.0
2025-08-19 21:51:38,343 [INFO] WebApp:191 - Connection restablished
2025-08-19 21:51:38,351 [WARN] PackLoader:240 - Cannot read IP mode file for STMicroelectronics.X-CUBE-ST67W61.1.0.0
2025-08-19 21:51:38,355 [WARN] PackLoader:240 - Cannot read IP mode file for STMicroelectronics.X-CUBE-AI.10.2.0
2025-08-19 21:51:38,394 [WARN] PackLoader:240 - Cannot read IP mode file for SEGGER.I-CUBE-embOS.1.3.1
2025-08-19 21:51:38,408 [INFO] UserAuth:487 - Internet connection configuration mode: 1
2025-08-19 21:51:38,444 [WARN] PackLoader:240 - Cannot read IP mode file for STMicroelectronics.X-CUBE-ALGOBUILD.1.4.0
2025-08-19 21:51:38,513 [WARN] PackLoader:240 - Cannot read IP mode file for STMicroelectronics.X-CUBE-MEMS1.11.3.0
2025-08-19 21:51:38,720 [WARN] PackLoader:240 - Cannot read IP mode file for STMicroelectronics.X-CUBE-PM33A1.1.0.0
2025-08-19 21:51:38,727 [WARN] PackLoader:240 - Cannot read IP mode file for STMicroelectronics.X-CUBE-GNSS1.6.0.0
2025-08-19 21:51:38,762 [WARN] PackLoader:240 - Cannot read IP mode file for STMicroelectronics.X-CUBE-AZRTOS-F4.1.1.0
2025-08-19 21:51:38,772 [WARN] PackLoader:240 - Cannot read IP mode file for wolfSSL.I-CUBE-wolfSSL.5.6.3
2025-08-19 21:51:38,778 [WARN] PackLoader:240 - Cannot read IP mode file for Avnet-IotConnect.X-CUBE-IoTC-DA16k-PMOD.1.0.0
2025-08-19 21:51:38,786 [WARN] PackLoader:240 - Cannot read IP mode file for STMicroelectronics.X-CUBE-ISPU.2.1.0
2025-08-19 21:51:38,792 [WARN] PackLoader:240 - Cannot read IP mode file for STMicroelectronics.X-CUBE-FREERTOS.1.2.0
2025-08-19 21:51:38,800 [WARN] PackLoader:240 - Cannot read IP mode file for STMicroelectronics.X-CUBE-NFC12.1.0.0
2025-08-19 21:51:38,826 [WARN] PackLoader:240 - Cannot read IP mode file for STMicroelectronics.X-CUBE-AZRTOS-L5.2.0.0
2025-08-19 21:51:38,873 [WARN] PackLoader:240 - Cannot read IP mode file for STMicroelectronics.X-CUBE-MEMS1.9.6.0
2025-08-19 21:51:39,006 [WARN] PackLoader:240 - Cannot read IP mode file for STMicroelectronics.X-CUBE-EEPRMA1.4.2.0
2025-08-19 21:51:39,015 [WARN] PackLoader:240 - Cannot read IP mode file for STMicroelectronics.X-CUBE-NFC6.3.1.0
2025-08-19 21:51:39,022 [WARN] PackLoader:240 - Cannot read IP mode file for ITTIA_DB.I-CUBE-ITTIADB.8.8.0
2025-08-19 21:51:39,029 [WARN] PackLoader:240 - Cannot read IP mode file for STMicroelectronics.X-CUBE-BLEMGR.2.0.0
2025-08-19 21:51:39,039 [WARN] PackLoader:240 - Cannot read IP mode file for STMicroelectronics.X-CUBE-AI.9.0.0
2025-08-19 21:51:39,055 [WARN] ConditionMgr:438 - getConditionDescription Invalid condition id : UX DEVICE CLASS RTOS Condition cause : null
2025-08-19 21:51:39,055 [WARN] ConditionMgr:438 - getConditionDescription Invalid condition id : UX DEVICE CLASS RTOS Condition cause : null
2025-08-19 21:51:39,058 [WARN] PackLoader:240 - Cannot read IP mode file for STMicroelectronics.X-CUBE-AZRTOS-H7.3.1.0
2025-08-19 21:51:39,059 [WARN] ConditionMgr:1044 - genDependencies : Invalid condition id : UX DEVICE CLASS RTOS Condition cause : null
2025-08-19 21:51:39,059 [WARN] ConditionMgr:1044 - genDependencies : Invalid condition id : UX DEVICE CLASS RTOS Condition cause : null
2025-08-19 21:51:39,060 [WARN] ConditionMgr:1044 - genDependencies : Invalid condition id : UX DEVICE CLASS RTOS Condition cause : null
2025-08-19 21:51:39,061 [WARN] ConditionMgr:1044 - genDependencies : Invalid condition id : UX DEVICE CLASS RTOS Condition cause : null
2025-08-19 21:51:39,061 [WARN] ConditionMgr:1044 - genDependencies : Invalid condition id : UX DEVICE CLASS RTOS Condition cause : null
2025-08-19 21:51:39,070 [WARN] PackLoader:240 - Cannot read IP mode file for STMicroelectronics.X-CUBE-FREERTOS.1.3.1
2025-08-19 21:51:39,076 [WARN] PackLoader:240 - Cannot read IP mode file for STMicroelectronics.X-CUBE-NFC7.1.0.1
2025-08-19 21:51:39,084 [WARN] PackLoader:240 - Cannot read IP mode file for STMicroelectronics.X-CUBE-NFC6.3.0.0
2025-08-19 21:51:39,093 [WARN] PackLoader:240 - Cannot read IP mode file for STMicroelectronics.X-CUBE-EEPRMA1.4.1.0
2025-08-19 21:51:39,103 [WARN] PackLoader:240 - Cannot read IP mode file for STMicroelectronics.FP-SNS-STAIOTCFT.1.0.0
2025-08-19 21:51:39,109 [WARN] PackLoader:240 - Cannot read IP mode file for STMicroelectronics.X-CUBE-DPower.1.3.0
2025-08-19 21:51:39,117 [WARN] PackLoader:240 - Cannot read IP mode file for STMicroelectronics.X-CUBE-AI.8.1.0
2025-08-19 21:51:39,141 [WARN] ConditionMgr:438 - getConditionDescription Invalid condition id : LAN8742 Phy interface Condition cause : null
2025-08-19 21:51:39,143 [WARN] PackLoader:240 - Cannot read IP mode file for STMicroelectronics.X-CUBE-AZRTOS-L4.2.0.0
2025-08-19 21:51:39,144 [WARN] ConditionMgr:1044 - genDependencies : Invalid condition id : LAN8742 Phy interface Condition cause : null
2025-08-19 21:51:39,144 [WARN] ConditionMgr:1044 - genDependencies : Invalid condition id : LAN8742 Phy interface Condition cause : null
2025-08-19 21:51:39,145 [WARN] ConditionMgr:1044 - genDependencies : Invalid condition id : LAN8742 Phy interface Condition cause : null
2025-08-19 21:51:39,153 [WARN] PackLoader:240 - Cannot read IP mode file for STMicroelectronics.X-CUBE-SFXS2LP1.4.0.0
2025-08-19 21:51:39,158 [WARN] PackLoader:240 - Cannot read IP mode file for STMicroelectronics.X-CUBE-ISPU.1.1.0
2025-08-19 21:51:39,168 [WARN] PackLoader:240 - Cannot read IP mode file for STMicroelectronics.X-CUBE-BLEMGR.4.1.0
2025-08-19 21:51:39,184 [WARN] ConditionMgr:438 - getConditionDescription Invalid condition id : UX DEVICE CLASS RTOS Condition cause : null
2025-08-19 21:51:39,184 [WARN] ConditionMgr:438 - getConditionDescription Invalid condition id : UX DEVICE CLASS RTOS Condition cause : null
2025-08-19 21:51:39,186 [WARN] PackLoader:240 - Cannot read IP mode file for STMicroelectronics.X-CUBE-AZRTOS-WB.2.0.0
2025-08-19 21:51:39,186 [WARN] ConditionMgr:1044 - genDependencies : Invalid condition id : UX DEVICE CLASS RTOS Condition cause : null
2025-08-19 21:51:39,186 [WARN] ConditionMgr:1044 - genDependencies : Invalid condition id : UX DEVICE CLASS RTOS Condition cause : null
2025-08-19 21:51:39,187 [WARN] ConditionMgr:1044 - genDependencies : Invalid condition id : UX DEVICE CLASS RTOS Condition cause : null
2025-08-19 21:51:39,187 [WARN] ConditionMgr:1044 - genDependencies : Invalid condition id : UX DEVICE CLASS RTOS Condition cause : null
2025-08-19 21:51:39,187 [WARN] ConditionMgr:1044 - genDependencies : Invalid condition id : UX DEVICE CLASS RTOS Condition cause : null
2025-08-19 21:51:39,192 [WARN] PackLoader:240 - Cannot read IP mode file for STMicroelectronics.X-CUBE-GNSS1.7.0.1
2025-08-19 21:51:39,197 [WARN] PackLoader:240 - Cannot read IP mode file for STMicroelectronics.X-CUBE-TOUCHGFX.4.25.0
2025-08-19 21:51:39,203 [WARN] PackLoader:240 - Cannot read IP mode file for STMicroelectronics.FP-SNS-STBOX1.2.0.0
2025-08-19 21:51:39,215 [WARN] PackLoader:240 - Cannot read IP mode file for STMicroelectronics.X-CUBE-SUBG2.5.0.0
2025-08-19 21:51:39,238 [WARN] PackLoader:240 - Cannot read IP mode file for STMicroelectronics.X-CUBE-AZRTOS-H7RS.1.1.0
2025-08-19 21:51:39,245 [WARN] PackLoader:240 - Cannot read IP mode file for Cesanta.I-CUBE-Mongoose.7.13.0
2025-08-19 21:51:39,255 [WARN] PackLoader:240 - Cannot read IP mode file for STMicroelectronics.X-CUBE-TOF1.3.3.1
2025-08-19 21:51:39,276 [WARN] PackLoader:240 - Cannot read IP mode file for STMicroelectronics.X-CUBE-AZRTOS-G4.2.0.0
2025-08-19 21:51:39,294 [WARN] PackLoader:240 - Cannot read IP mode file for Infineon.AIROC-Wi-Fi-Bluetooth-STM32.1.5.1
2025-08-19 21:51:39,303 [WARN] PackLoader:240 - Cannot read IP mode file for wolfSSL.I-CUBE-wolfSSH.1.4.20
2025-08-19 21:51:39,306 [WARN] PackLoader:240 - Cannot read IP mode file for STMicroelectronics.FP-SNS-MOTENVWB1.1.3.0
2025-08-19 21:51:39,311 [WARN] PackLoader:240 - Cannot read IP mode file for STMicroelectronics.X-CUBE-NFC7.2.0.0
2025-08-19 21:51:39,316 [WARN] PackLoader:240 - Cannot read IP mode file for STMicroelectronics.FP-SNS-MOTENVWB1.1.3.1
2025-08-19 21:51:39,320 [WARN] PackLoader:240 - Cannot read IP mode file for STMicroelectronics.X-CUBE-ISPU.2.0.0
2025-08-19 21:51:39,332 [WARN] PackLoader:240 - Cannot read IP mode file for STMicroelectronics.X-CUBE-IPS.3.1.0
2025-08-19 21:51:39,342 [WARN] PackLoader:240 - Cannot read IP mode file for STMicroelectronics.X-CUBE-ALS.1.0.2
2025-08-19 21:51:39,378 [WARN] PackLoader:240 - Cannot read IP mode file for STMicroelectronics.X-CUBE-MEMS1.10.0.0
2025-08-19 21:51:39,515 [WARN] PackLoader:240 - Cannot read IP mode file for STMicroelectronics.X-CUBE-FREERTOS.1.1.0
2025-08-19 21:51:39,523 [WARN] PackLoader:240 - Cannot read IP mode file for portGmbH.I-Cube-SoM-uGOAL.1.1.0
2025-08-19 21:51:39,527 [WARN] PackLoader:240 - Cannot read IP mode file for STMicroelectronics.X-CUBE-ALS.1.0.1
2025-08-19 21:51:39,546 [WARN] PackLoader:240 - Cannot read IP mode file for STMicroelectronics.X-CUBE-AZRTOS-H7RS.1.0.0
2025-08-19 21:51:39,553 [WARN] PackLoader:240 - Cannot read IP mode file for STMicroelectronics.FP-ATR-ASTRA1.2.0.0
2025-08-19 21:51:39,563 [WARN] PackLoader:240 - Cannot read IP mode file for STMicroelectronics.X-CUBE-TOF1.3.4.3
2025-08-19 21:51:39,623 [WARN] PackLoader:240 - Cannot read IP mode file for STMicroelectronics.X-CUBE-TOF1.3.4.0
2025-08-19 21:51:39,643 [WARN] PackLoader:240 - Cannot read IP mode file for STMicroelectronics.X-CUBE-TOF1.3.4.1
2025-08-19 21:51:39,671 [WARN] PackLoader:240 - Cannot read IP mode file for STMicroelectronics.X-CUBE-AZRTOS-H7.3.2.0
2025-08-19 21:51:39,675 [INFO] ThirdParty:978 - Integrity check success = true
2025-08-19 21:51:39,675 [INFO] IntegrityCheckThread:100 - exiting critical section [integrity check]
2025-08-19 21:51:39,675 [INFO] IntegrityCheckThread:103 - End integrity checks thread
2025-08-19 21:51:43,125 [ERROR] LogOutputStream:75 - [STDERR_REDIRECT] Aug 19, 2025 9:51:43 PM org.eclipse.lsp4j.jsonrpc.services.GenericEndpoint notify
2025-08-19 21:51:43,128 [ERROR] LogOutputStream:75 - [STDERR_REDIRECT] WARNING: Unsupported notification method: statusNotification
2025-08-19 21:51:43,128 [ERROR] LogOutputStream:75 - [STDERR_REDIRECT] 
2025-08-19 21:51:43,131 [ERROR] LogOutputStream:75 - [STDERR_REDIRECT] Aug 19, 2025 9:51:43 PM org.eclipse.lsp4j.jsonrpc.services.GenericEndpoint notify
2025-08-19 21:51:43,132 [ERROR] LogOutputStream:75 - [STDERR_REDIRECT] WARNING: Unsupported notification method: didChangeStatus
2025-08-19 21:51:43,132 [ERROR] LogOutputStream:75 - [STDERR_REDIRECT] 
2025-08-19 21:51:43,137 [ERROR] LogOutputStream:75 - [STDERR_REDIRECT] Aug 19, 2025 9:51:43 PM org.eclipse.lsp4j.jsonrpc.services.GenericEndpoint notify
2025-08-19 21:51:43,139 [ERROR] LogOutputStream:75 - [STDERR_REDIRECT] WARNING: Unsupported notification method: conversation/preconditionsNotification
2025-08-19 21:51:43,139 [ERROR] LogOutputStream:75 - [STDERR_REDIRECT] 
2025-08-19 21:52:30,225 [ERROR] LogOutputStream:75 - [STDERR_REDIRECT] 
2025-08-19 21:52:30,226 [ERROR] LogOutputStream:75 - [STDERR_REDIRECT] 
